<?xml version="1.0" encoding="UTF-8"?>
<testng-results ignored="3" total="4" passed="1" failed="0" skipped="0">
  <reporter-output>
  </reporter-output>
  <suite started-at="2023-03-02T15:18:20 EST" name="EcommerceWebsiteTests" finished-at="2023-03-02T15:18:35 EST" duration-ms="15190">
    <groups>
    </groups>
    <test started-at="2023-03-02T15:18:20 EST" name="Ecom Site Test" finished-at="2023-03-02T15:18:35 EST" duration-ms="15190">
      <class name="com.gqa.tests.EcomTest">
        <test-method is-config="true" signature="setup()[pri:0, instance:com.gqa.tests.EcomTest@53941c2f]" started-at="2023-03-02T15:18:20 EST" name="setup" finished-at="2023-03-02T15:18:22 EST" duration-ms="1685" status="PASS">
          <reporter-output>
          </reporter-output>
        </test-method> <!-- setup -->
        <test-method is-config="true" signature="initBrowser()[pri:0, instance:com.gqa.tests.EcomTest@53941c2f]" started-at="2023-03-02T15:18:22 EST" name="initBrowser" finished-at="2023-03-02T15:18:29 EST" duration-ms="7031" status="PASS">
          <reporter-output>
          </reporter-output>
        </test-method> <!-- initBrowser -->
        <test-method signature="titleTest()[pri:0, instance:com.gqa.tests.EcomTest@53941c2f]" started-at="2023-03-02T15:18:29 EST" name="titleTest" finished-at="2023-03-02T15:18:34 EST" duration-ms="5049" status="PASS">
          <reporter-output>
          </reporter-output>
        </test-method> <!-- titleTest -->
        <test-method is-config="true" signature="handleBrowsers()[pri:0, instance:com.gqa.tests.EcomTest@53941c2f]" started-at="2023-03-02T15:18:34 EST" name="handleBrowsers" finished-at="2023-03-02T15:18:35 EST" duration-ms="965" status="PASS">
          <reporter-output>
          </reporter-output>
        </test-method> <!-- handleBrowsers -->
        <test-method is-config="true" signature="tearDown()[pri:0, instance:com.gqa.tests.EcomTest@53941c2f]" started-at="2023-03-02T15:18:35 EST" name="tearDown" finished-at="2023-03-02T15:18:35 EST" duration-ms="356" status="PASS">
          <reporter-output>
          </reporter-output>
        </test-method> <!-- tearDown -->
      </class> <!-- com.gqa.tests.EcomTest -->
    </test> <!-- Ecom Site Test -->
  </suite> <!-- EcommerceWebsiteTests -->
</testng-results>
