<?xml version="1.0" encoding="UTF-8"?>
<!-- Generated by org.testng.reporters.JUnitXMLReporter -->
<testsuite ignored="3" hostname="CC-Girish" failures="0" tests="1" name="Ecom Site Test" time="15.19" errors="0" timestamp="2023-03-02T15:18:35 EST">
  <testcase classname="com.gqa.tests.EcomTest" name="titleTest" time="5.049"/>
  <testcase classname="com.gqa.tests.EcomTest" name="footerLinksTest" time="0.0">
    <ignored/>
  </testcase> <!-- footerLinksTest -->
  <testcase classname="com.gqa.tests.EcomTest" name="loginTest" time="0.0">
    <ignored/>
  </testcase> <!-- loginTest -->
  <testcase classname="com.gqa.tests.EcomTest" name="registerTest" time="0.0">
    <ignored/>
  </testcase> <!-- registerTest -->
</testsuite> <!-- Ecom Site Test -->
